[0.143s] DEBUG:colcon:Command line arguments: ['/usr/bin/colcon', 'build', '--packages-select', 'erc_nav_benchmark']
[0.144s] DEBUG:colcon:Parsed command line arguments: Namespace(log_base=None, log_level=None, verb_name='build', build_base='build', install_base='install', merge_install=False, symlink_install=False, test_result_base=None, continue_on_error=False, executor='parallel', parallel_workers=8, event_handlers=None, ignore_user_meta=False, metas=['./colcon.meta'], base_paths=['.'], packages_ignore=None, packages_ignore_regex=None, paths=None, packages_up_to=None, packages_up_to_regex=None, packages_above=None, packages_above_and_dependencies=None, packages_above_depth=None, packages_select_by_dep=None, packages_skip_by_dep=None, packages_skip_up_to=None, packages_select_build_failed=False, packages_skip_build_finished=False, packages_select_test_failures=False, packages_skip_test_passed=False, packages_select=['erc_nav_benchmark'], packages_skip=None, packages_select_regex=None, packages_skip_regex=None, packages_start=None, packages_end=None, allow_overriding=[], cmake_args=None, cmake_target=None, cmake_target_skip_unavailable=False, cmake_clean_cache=False, cmake_clean_first=False, cmake_force_configure=False, ament_cmake_args=None, catkin_cmake_args=None, catkin_skip_building_tests=False, verb_parser=<colcon_defaults.argument_parser.defaults.DefaultArgumentsDecorator object at 0x73d8051275b0>, verb_extension=<colcon_core.verb.build.BuildVerb object at 0x73d805274a60>, main=<bound method BuildVerb.main of <colcon_core.verb.build.BuildVerb object at 0x73d805274a60>>)
[0.355s] Level 1:colcon.colcon_core.package_discovery:discover_packages(colcon_meta) check parameters
[0.355s] Level 1:colcon.colcon_core.package_discovery:discover_packages(recursive) check parameters
[0.355s] Level 1:colcon.colcon_core.package_discovery:discover_packages(ignore) check parameters
[0.355s] Level 1:colcon.colcon_core.package_discovery:discover_packages(path) check parameters
[0.355s] Level 1:colcon.colcon_core.package_discovery:discover_packages(colcon_meta) discover
[0.355s] Level 1:colcon.colcon_core.package_discovery:discover_packages(recursive) discover
[0.355s] INFO:colcon.colcon_core.package_discovery:Crawling recursively for packages in '/home/yassin/ros2_ws'
[0.355s] Level 1:colcon.colcon_core.package_identification:_identify(.) by extensions ['ignore', 'ignore_ament_install']
[0.356s] Level 1:colcon.colcon_core.package_identification:_identify(.) by extension 'ignore'
[0.356s] Level 1:colcon.colcon_core.package_identification:_identify(.) by extension 'ignore_ament_install'
[0.356s] Level 1:colcon.colcon_core.package_identification:_identify(.) by extensions ['colcon_pkg']
[0.356s] Level 1:colcon.colcon_core.package_identification:_identify(.) by extension 'colcon_pkg'
[0.356s] Level 1:colcon.colcon_core.package_identification:_identify(.) by extensions ['colcon_meta']
[0.356s] Level 1:colcon.colcon_core.package_identification:_identify(.) by extension 'colcon_meta'
[0.356s] Level 1:colcon.colcon_core.package_identification:_identify(.) by extensions ['ros']
[0.356s] Level 1:colcon.colcon_core.package_identification:_identify(.) by extension 'ros'
[0.370s] Level 1:colcon.colcon_core.package_identification:_identify(.) by extensions ['cmake', 'python']
[0.370s] Level 1:colcon.colcon_core.package_identification:_identify(.) by extension 'cmake'
[0.370s] Level 1:colcon.colcon_core.package_identification:_identify(.) by extension 'python'
[0.370s] Level 1:colcon.colcon_core.package_identification:_identify(.) by extensions ['python_setup_py']
[0.370s] Level 1:colcon.colcon_core.package_identification:_identify(.) by extension 'python_setup_py'
[0.370s] Level 1:colcon.colcon_core.package_identification:_identify(build) by extensions ['ignore', 'ignore_ament_install']
[0.370s] Level 1:colcon.colcon_core.package_identification:_identify(build) by extension 'ignore'
[0.371s] Level 1:colcon.colcon_core.package_identification:_identify(build) ignored
[0.371s] Level 1:colcon.colcon_core.package_identification:_identify(install) by extensions ['ignore', 'ignore_ament_install']
[0.371s] Level 1:colcon.colcon_core.package_identification:_identify(install) by extension 'ignore'
[0.371s] Level 1:colcon.colcon_core.package_identification:_identify(install) ignored
[0.371s] Level 1:colcon.colcon_core.package_identification:_identify(log) by extensions ['ignore', 'ignore_ament_install']
[0.371s] Level 1:colcon.colcon_core.package_identification:_identify(log) by extension 'ignore'
[0.371s] Level 1:colcon.colcon_core.package_identification:_identify(log) ignored
[0.371s] Level 1:colcon.colcon_core.package_identification:_identify(src) by extensions ['ignore', 'ignore_ament_install']
[0.371s] Level 1:colcon.colcon_core.package_identification:_identify(src) by extension 'ignore'
[0.372s] Level 1:colcon.colcon_core.package_identification:_identify(src) by extension 'ignore_ament_install'
[0.372s] Level 1:colcon.colcon_core.package_identification:_identify(src) by extensions ['colcon_pkg']
[0.372s] Level 1:colcon.colcon_core.package_identification:_identify(src) by extension 'colcon_pkg'
[0.372s] Level 1:colcon.colcon_core.package_identification:_identify(src) by extensions ['colcon_meta']
[0.372s] Level 1:colcon.colcon_core.package_identification:_identify(src) by extension 'colcon_meta'
[0.372s] Level 1:colcon.colcon_core.package_identification:_identify(src) by extensions ['ros']
[0.372s] Level 1:colcon.colcon_core.package_identification:_identify(src) by extension 'ros'
[0.372s] Level 1:colcon.colcon_core.package_identification:_identify(src) by extensions ['cmake', 'python']
[0.372s] Level 1:colcon.colcon_core.package_identification:_identify(src) by extension 'cmake'
[0.372s] Level 1:colcon.colcon_core.package_identification:_identify(src) by extension 'python'
[0.372s] Level 1:colcon.colcon_core.package_identification:_identify(src) by extensions ['python_setup_py']
[0.372s] Level 1:colcon.colcon_core.package_identification:_identify(src) by extension 'python_setup_py'
[0.373s] Level 1:colcon.colcon_core.package_identification:_identify(src/erc_nav_benchmark) by extensions ['ignore', 'ignore_ament_install']
[0.373s] Level 1:colcon.colcon_core.package_identification:_identify(src/erc_nav_benchmark) by extension 'ignore'
[0.373s] Level 1:colcon.colcon_core.package_identification:_identify(src/erc_nav_benchmark) by extension 'ignore_ament_install'
[0.373s] Level 1:colcon.colcon_core.package_identification:_identify(src/erc_nav_benchmark) by extensions ['colcon_pkg']
[0.373s] Level 1:colcon.colcon_core.package_identification:_identify(src/erc_nav_benchmark) by extension 'colcon_pkg'
[0.373s] Level 1:colcon.colcon_core.package_identification:_identify(src/erc_nav_benchmark) by extensions ['colcon_meta']
[0.373s] Level 1:colcon.colcon_core.package_identification:_identify(src/erc_nav_benchmark) by extension 'colcon_meta'
[0.373s] Level 1:colcon.colcon_core.package_identification:_identify(src/erc_nav_benchmark) by extensions ['ros']
[0.373s] Level 1:colcon.colcon_core.package_identification:_identify(src/erc_nav_benchmark) by extension 'ros'
[0.379s] DEBUG:colcon.colcon_core.package_identification:Package 'src/erc_nav_benchmark' with type 'ros.ament_cmake' and name 'erc_nav_benchmark'
[0.379s] Level 1:colcon.colcon_core.package_discovery:discover_packages(recursive) using defaults
[0.379s] Level 1:colcon.colcon_core.package_discovery:discover_packages(ignore) discover
[0.379s] Level 1:colcon.colcon_core.package_discovery:discover_packages(ignore) using defaults
[0.379s] Level 1:colcon.colcon_core.package_discovery:discover_packages(path) discover
[0.379s] Level 1:colcon.colcon_core.package_discovery:discover_packages(path) using defaults
[0.405s] Level 1:colcon.colcon_core.package_discovery:discover_packages(prefix_path) check parameters
[0.405s] Level 1:colcon.colcon_core.package_discovery:discover_packages(prefix_path) discover
[0.407s] DEBUG:colcon.colcon_installed_package_information.package_discovery:Found 0 installed packages in /home/yassin/ros2_ws/install
[0.408s] DEBUG:colcon.colcon_installed_package_information.package_discovery:Found 283 installed packages in /opt/ros/humble
[0.422s] Level 1:colcon.colcon_core.package_discovery:discover_packages(prefix_path) using defaults
[0.469s] Level 5:colcon.colcon_core.verb:set package 'erc_nav_benchmark' build argument 'cmake_args' from command line to 'None'
[0.469s] Level 5:colcon.colcon_core.verb:set package 'erc_nav_benchmark' build argument 'cmake_target' from command line to 'None'
[0.469s] Level 5:colcon.colcon_core.verb:set package 'erc_nav_benchmark' build argument 'cmake_target_skip_unavailable' from command line to 'False'
[0.469s] Level 5:colcon.colcon_core.verb:set package 'erc_nav_benchmark' build argument 'cmake_clean_cache' from command line to 'False'
[0.469s] Level 5:colcon.colcon_core.verb:set package 'erc_nav_benchmark' build argument 'cmake_clean_first' from command line to 'False'
[0.470s] Level 5:colcon.colcon_core.verb:set package 'erc_nav_benchmark' build argument 'cmake_force_configure' from command line to 'False'
[0.470s] Level 5:colcon.colcon_core.verb:set package 'erc_nav_benchmark' build argument 'ament_cmake_args' from command line to 'None'
[0.470s] Level 5:colcon.colcon_core.verb:set package 'erc_nav_benchmark' build argument 'catkin_cmake_args' from command line to 'None'
[0.470s] Level 5:colcon.colcon_core.verb:set package 'erc_nav_benchmark' build argument 'catkin_skip_building_tests' from command line to 'False'
[0.470s] DEBUG:colcon.colcon_core.verb:Building package 'erc_nav_benchmark' with the following arguments: {'ament_cmake_args': None, 'build_base': '/home/yassin/ros2_ws/build/erc_nav_benchmark', 'catkin_cmake_args': None, 'catkin_skip_building_tests': False, 'cmake_args': None, 'cmake_clean_cache': False, 'cmake_clean_first': False, 'cmake_force_configure': False, 'cmake_target': None, 'cmake_target_skip_unavailable': False, 'install_base': '/home/yassin/ros2_ws/install/erc_nav_benchmark', 'merge_install': False, 'path': '/home/yassin/ros2_ws/src/erc_nav_benchmark', 'symlink_install': False, 'test_result_base': None}
[0.470s] INFO:colcon.colcon_core.executor:Executing jobs using 'parallel' executor
[0.471s] DEBUG:colcon.colcon_parallel_executor.executor.parallel:run_until_complete
[0.471s] INFO:colcon.colcon_ros.task.ament_cmake.build:Building ROS package in '/home/yassin/ros2_ws/src/erc_nav_benchmark' with build type 'ament_cmake'
[0.471s] INFO:colcon.colcon_cmake.task.cmake.build:Building CMake package in '/home/yassin/ros2_ws/src/erc_nav_benchmark'
[0.473s] INFO:colcon.colcon_core.plugin_system:Skipping extension 'colcon_core.shell.bat': Not used on non-Windows systems
[0.474s] INFO:colcon.colcon_core.shell:Skip shell extension 'powershell' for command environment: Not usable outside of PowerShell
[0.474s] DEBUG:colcon.colcon_core.shell:Skip shell extension 'dsv' for command environment
[0.482s] DEBUG:colcon.colcon_core.event_handler.log_command:Invoking command in '/home/yassin/ros2_ws/build/erc_nav_benchmark': CMAKE_PREFIX_PATH=/opt/ros/humble /usr/bin/cmake /home/yassin/ros2_ws/src/erc_nav_benchmark -DCMAKE_INSTALL_PREFIX=/home/yassin/ros2_ws/install/erc_nav_benchmark
[1.385s] DEBUG:colcon.colcon_core.event_handler.log_command:Invoked command in '/home/yassin/ros2_ws/build/erc_nav_benchmark' returned '0': CMAKE_PREFIX_PATH=/opt/ros/humble /usr/bin/cmake /home/yassin/ros2_ws/src/erc_nav_benchmark -DCMAKE_INSTALL_PREFIX=/home/yassin/ros2_ws/install/erc_nav_benchmark
[1.387s] DEBUG:colcon.colcon_core.event_handler.log_command:Invoking command in '/home/yassin/ros2_ws/build/erc_nav_benchmark': CMAKE_PREFIX_PATH=/opt/ros/humble /usr/bin/cmake --build /home/yassin/ros2_ws/build/erc_nav_benchmark -- -j8 -l8
[1.756s] DEBUG:colcon.colcon_core.event_handler.log_command:Invoked command in '/home/yassin/ros2_ws/build/erc_nav_benchmark' returned '0': CMAKE_PREFIX_PATH=/opt/ros/humble /usr/bin/cmake --build /home/yassin/ros2_ws/build/erc_nav_benchmark -- -j8 -l8
[1.766s] DEBUG:colcon.colcon_core.event_handler.log_command:Invoking command in '/home/yassin/ros2_ws/build/erc_nav_benchmark': CMAKE_PREFIX_PATH=/opt/ros/humble /usr/bin/cmake --install /home/yassin/ros2_ws/build/erc_nav_benchmark
[1.828s] Level 1:colcon.colcon_core.environment:create_environment_scripts_only(erc_nav_benchmark)
[1.828s] DEBUG:colcon.colcon_core.event_handler.log_command:Invoked command in '/home/yassin/ros2_ws/build/erc_nav_benchmark' returned '0': CMAKE_PREFIX_PATH=/opt/ros/humble /usr/bin/cmake --install /home/yassin/ros2_ws/build/erc_nav_benchmark
[1.835s] Level 1:colcon.colcon_core.environment:checking '/home/yassin/ros2_ws/install/erc_nav_benchmark' for CMake module files
[1.835s] Level 1:colcon.colcon_core.environment:checking '/home/yassin/ros2_ws/install/erc_nav_benchmark' for CMake config files
[1.835s] Level 1:colcon.colcon_core.shell:create_environment_hook('erc_nav_benchmark', 'cmake_prefix_path')
[1.836s] INFO:colcon.colcon_core.shell:Creating environment hook '/home/yassin/ros2_ws/install/erc_nav_benchmark/share/erc_nav_benchmark/hook/cmake_prefix_path.ps1'
[1.837s] INFO:colcon.colcon_core.shell:Creating environment descriptor '/home/yassin/ros2_ws/install/erc_nav_benchmark/share/erc_nav_benchmark/hook/cmake_prefix_path.dsv'
[1.838s] INFO:colcon.colcon_core.shell:Creating environment hook '/home/yassin/ros2_ws/install/erc_nav_benchmark/share/erc_nav_benchmark/hook/cmake_prefix_path.sh'
[1.839s] Level 1:colcon.colcon_core.environment:checking '/home/yassin/ros2_ws/install/erc_nav_benchmark/lib'
[1.839s] Level 1:colcon.colcon_core.environment:checking '/home/yassin/ros2_ws/install/erc_nav_benchmark/bin'
[1.839s] Level 1:colcon.colcon_core.environment:checking '/home/yassin/ros2_ws/install/erc_nav_benchmark/lib/pkgconfig/erc_nav_benchmark.pc'
[1.839s] Level 1:colcon.colcon_core.environment:checking '/home/yassin/ros2_ws/install/erc_nav_benchmark/lib/python3.10/site-packages'
[1.839s] Level 1:colcon.colcon_core.environment:checking '/home/yassin/ros2_ws/install/erc_nav_benchmark/bin'
[1.840s] INFO:colcon.colcon_core.shell:Creating package script '/home/yassin/ros2_ws/install/erc_nav_benchmark/share/erc_nav_benchmark/package.ps1'
[1.842s] INFO:colcon.colcon_core.shell:Creating package descriptor '/home/yassin/ros2_ws/install/erc_nav_benchmark/share/erc_nav_benchmark/package.dsv'
[1.843s] INFO:colcon.colcon_core.shell:Creating package script '/home/yassin/ros2_ws/install/erc_nav_benchmark/share/erc_nav_benchmark/package.sh'
[1.844s] INFO:colcon.colcon_core.shell:Creating package script '/home/yassin/ros2_ws/install/erc_nav_benchmark/share/erc_nav_benchmark/package.bash'
[1.845s] INFO:colcon.colcon_core.shell:Creating package script '/home/yassin/ros2_ws/install/erc_nav_benchmark/share/erc_nav_benchmark/package.zsh'
[1.846s] Level 1:colcon.colcon_core.environment:create_file_with_runtime_dependencies(/home/yassin/ros2_ws/install/erc_nav_benchmark/share/colcon-core/packages/erc_nav_benchmark)
[1.847s] Level 1:colcon.colcon_core.environment:create_environment_scripts_only(erc_nav_benchmark)
[1.847s] Level 1:colcon.colcon_core.environment:checking '/home/yassin/ros2_ws/install/erc_nav_benchmark' for CMake module files
[1.848s] Level 1:colcon.colcon_core.environment:checking '/home/yassin/ros2_ws/install/erc_nav_benchmark' for CMake config files
[1.848s] Level 1:colcon.colcon_core.shell:create_environment_hook('erc_nav_benchmark', 'cmake_prefix_path')
[1.848s] INFO:colcon.colcon_core.shell:Creating environment hook '/home/yassin/ros2_ws/install/erc_nav_benchmark/share/erc_nav_benchmark/hook/cmake_prefix_path.ps1'
[1.848s] INFO:colcon.colcon_core.shell:Creating environment descriptor '/home/yassin/ros2_ws/install/erc_nav_benchmark/share/erc_nav_benchmark/hook/cmake_prefix_path.dsv'
[1.849s] INFO:colcon.colcon_core.shell:Creating environment hook '/home/yassin/ros2_ws/install/erc_nav_benchmark/share/erc_nav_benchmark/hook/cmake_prefix_path.sh'
[1.849s] Level 1:colcon.colcon_core.environment:checking '/home/yassin/ros2_ws/install/erc_nav_benchmark/lib'
[1.850s] Level 1:colcon.colcon_core.environment:checking '/home/yassin/ros2_ws/install/erc_nav_benchmark/bin'
[1.850s] Level 1:colcon.colcon_core.environment:checking '/home/yassin/ros2_ws/install/erc_nav_benchmark/lib/pkgconfig/erc_nav_benchmark.pc'
[1.850s] Level 1:colcon.colcon_core.environment:checking '/home/yassin/ros2_ws/install/erc_nav_benchmark/lib/python3.10/site-packages'
[1.850s] Level 1:colcon.colcon_core.environment:checking '/home/yassin/ros2_ws/install/erc_nav_benchmark/bin'
[1.851s] INFO:colcon.colcon_core.shell:Creating package script '/home/yassin/ros2_ws/install/erc_nav_benchmark/share/erc_nav_benchmark/package.ps1'
[1.851s] INFO:colcon.colcon_core.shell:Creating package descriptor '/home/yassin/ros2_ws/install/erc_nav_benchmark/share/erc_nav_benchmark/package.dsv'
[1.852s] INFO:colcon.colcon_core.shell:Creating package script '/home/yassin/ros2_ws/install/erc_nav_benchmark/share/erc_nav_benchmark/package.sh'
[1.852s] INFO:colcon.colcon_core.shell:Creating package script '/home/yassin/ros2_ws/install/erc_nav_benchmark/share/erc_nav_benchmark/package.bash'
[1.853s] INFO:colcon.colcon_core.shell:Creating package script '/home/yassin/ros2_ws/install/erc_nav_benchmark/share/erc_nav_benchmark/package.zsh'
[1.853s] Level 1:colcon.colcon_core.environment:create_file_with_runtime_dependencies(/home/yassin/ros2_ws/install/erc_nav_benchmark/share/colcon-core/packages/erc_nav_benchmark)
[1.853s] DEBUG:colcon.colcon_parallel_executor.executor.parallel:closing loop
[1.854s] DEBUG:colcon.colcon_parallel_executor.executor.parallel:loop closed
[1.854s] DEBUG:colcon.colcon_parallel_executor.executor.parallel:run_until_complete finished with '0'
[1.854s] DEBUG:colcon.colcon_core.event_reactor:joining thread
[1.859s] INFO:colcon.colcon_core.plugin_system:Skipping extension 'colcon_notification.desktop_notification.terminal_notifier': Not used on non-Darwin systems
[1.859s] INFO:colcon.colcon_core.plugin_system:Skipping extension 'colcon_notification.desktop_notification.win32': Not used on non-Windows systems
[1.859s] INFO:colcon.colcon_notification.desktop_notification:Sending desktop notification using 'notify2'
[1.871s] DEBUG:colcon.colcon_core.event_reactor:joined thread
[1.872s] INFO:colcon.colcon_core.shell:Creating prefix script '/home/yassin/ros2_ws/install/local_setup.ps1'
[1.873s] INFO:colcon.colcon_core.shell:Creating prefix util module '/home/yassin/ros2_ws/install/_local_setup_util_ps1.py'
[1.874s] INFO:colcon.colcon_core.shell:Creating prefix chain script '/home/yassin/ros2_ws/install/setup.ps1'
[1.876s] INFO:colcon.colcon_core.shell:Creating prefix script '/home/yassin/ros2_ws/install/local_setup.sh'
[1.876s] INFO:colcon.colcon_core.shell:Creating prefix util module '/home/yassin/ros2_ws/install/_local_setup_util_sh.py'
[1.877s] INFO:colcon.colcon_core.shell:Creating prefix chain script '/home/yassin/ros2_ws/install/setup.sh'
[1.878s] INFO:colcon.colcon_core.shell:Creating prefix script '/home/yassin/ros2_ws/install/local_setup.bash'
[1.879s] INFO:colcon.colcon_core.shell:Creating prefix chain script '/home/yassin/ros2_ws/install/setup.bash'
[1.880s] INFO:colcon.colcon_core.shell:Creating prefix script '/home/yassin/ros2_ws/install/local_setup.zsh'
[1.880s] INFO:colcon.colcon_core.shell:Creating prefix chain script '/home/yassin/ros2_ws/install/setup.zsh'
