[0.740s] DEBUG:colcon:Command line arguments: ['/usr/bin/colcon', 'build']
[0.740s] DEBUG:colcon:Parsed command line arguments: Namespace(log_base=None, log_level=None, verb_name='build', build_base='build', install_base='install', merge_install=False, symlink_install=False, test_result_base=None, continue_on_error=False, executor='parallel', parallel_workers=8, event_handlers=None, ignore_user_meta=False, metas=['./colcon.meta'], base_paths=['.'], packages_ignore=None, packages_ignore_regex=None, paths=None, packages_up_to=None, packages_up_to_regex=None, packages_above=None, packages_above_and_dependencies=None, packages_above_depth=None, packages_select_by_dep=None, packages_skip_by_dep=None, packages_skip_up_to=None, packages_select_build_failed=False, packages_skip_build_finished=False, packages_select_test_failures=False, packages_skip_test_passed=False, packages_select=None, packages_skip=None, packages_select_regex=None, packages_skip_regex=None, packages_start=None, packages_end=None, allow_overriding=[], cmake_args=None, cmake_target=None, cmake_target_skip_unavailable=False, cmake_clean_cache=False, cmake_clean_first=False, cmake_force_configure=False, ament_cmake_args=None, catkin_cmake_args=None, catkin_skip_building_tests=False, verb_parser=<colcon_defaults.argument_parser.defaults.DefaultArgumentsDecorator object at 0x7bc292823460>, verb_extension=<colcon_core.verb.build.BuildVerb object at 0x7bc29296c910>, main=<bound method BuildVerb.main of <colcon_core.verb.build.BuildVerb object at 0x7bc29296c910>>)
[1.765s] Level 1:colcon.colcon_core.package_discovery:discover_packages(colcon_meta) check parameters
[1.766s] Level 1:colcon.colcon_core.package_discovery:discover_packages(recursive) check parameters
[1.766s] Level 1:colcon.colcon_core.package_discovery:discover_packages(ignore) check parameters
[1.767s] Level 1:colcon.colcon_core.package_discovery:discover_packages(path) check parameters
[1.767s] Level 1:colcon.colcon_core.package_discovery:discover_packages(colcon_meta) discover
[1.767s] Level 1:colcon.colcon_core.package_discovery:discover_packages(recursive) discover
[1.768s] INFO:colcon.colcon_core.package_discovery:Crawling recursively for packages in '/home/yassin/ros2_ws'
[1.769s] Level 1:colcon.colcon_core.package_identification:_identify(.) by extensions ['ignore', 'ignore_ament_install']
[1.770s] Level 1:colcon.colcon_core.package_identification:_identify(.) by extension 'ignore'
[1.770s] Level 1:colcon.colcon_core.package_identification:_identify(.) by extension 'ignore_ament_install'
[1.771s] Level 1:colcon.colcon_core.package_identification:_identify(.) by extensions ['colcon_pkg']
[1.771s] Level 1:colcon.colcon_core.package_identification:_identify(.) by extension 'colcon_pkg'
[1.772s] Level 1:colcon.colcon_core.package_identification:_identify(.) by extensions ['colcon_meta']
[1.772s] Level 1:colcon.colcon_core.package_identification:_identify(.) by extension 'colcon_meta'
[1.772s] Level 1:colcon.colcon_core.package_identification:_identify(.) by extensions ['ros']
[1.773s] Level 1:colcon.colcon_core.package_identification:_identify(.) by extension 'ros'
[1.837s] Level 1:colcon.colcon_core.package_identification:_identify(.) by extensions ['cmake', 'python']
[1.837s] Level 1:colcon.colcon_core.package_identification:_identify(.) by extension 'cmake'
[1.838s] Level 1:colcon.colcon_core.package_identification:_identify(.) by extension 'python'
[1.838s] Level 1:colcon.colcon_core.package_identification:_identify(.) by extensions ['python_setup_py']
[1.838s] Level 1:colcon.colcon_core.package_identification:_identify(.) by extension 'python_setup_py'
[1.839s] Level 1:colcon.colcon_core.package_identification:_identify(build) by extensions ['ignore', 'ignore_ament_install']
[1.839s] Level 1:colcon.colcon_core.package_identification:_identify(build) by extension 'ignore'
[1.839s] Level 1:colcon.colcon_core.package_identification:_identify(build) ignored
[1.840s] Level 1:colcon.colcon_core.package_identification:_identify(install) by extensions ['ignore', 'ignore_ament_install']
[1.840s] Level 1:colcon.colcon_core.package_identification:_identify(install) by extension 'ignore'
[1.841s] Level 1:colcon.colcon_core.package_identification:_identify(install) ignored
[1.841s] Level 1:colcon.colcon_core.package_identification:_identify(log) by extensions ['ignore', 'ignore_ament_install']
[1.841s] Level 1:colcon.colcon_core.package_identification:_identify(log) by extension 'ignore'
[1.842s] Level 1:colcon.colcon_core.package_identification:_identify(log) ignored
[1.842s] Level 1:colcon.colcon_core.package_identification:_identify(src) by extensions ['ignore', 'ignore_ament_install']
[1.842s] Level 1:colcon.colcon_core.package_identification:_identify(src) by extension 'ignore'
[1.843s] Level 1:colcon.colcon_core.package_identification:_identify(src) by extension 'ignore_ament_install'
[1.843s] Level 1:colcon.colcon_core.package_identification:_identify(src) by extensions ['colcon_pkg']
[1.843s] Level 1:colcon.colcon_core.package_identification:_identify(src) by extension 'colcon_pkg'
[1.844s] Level 1:colcon.colcon_core.package_identification:_identify(src) by extensions ['colcon_meta']
[1.844s] Level 1:colcon.colcon_core.package_identification:_identify(src) by extension 'colcon_meta'
[1.844s] Level 1:colcon.colcon_core.package_identification:_identify(src) by extensions ['ros']
[1.844s] Level 1:colcon.colcon_core.package_identification:_identify(src) by extension 'ros'
[1.845s] Level 1:colcon.colcon_core.package_identification:_identify(src) by extensions ['cmake', 'python']
[1.845s] Level 1:colcon.colcon_core.package_identification:_identify(src) by extension 'cmake'
[1.846s] Level 1:colcon.colcon_core.package_identification:_identify(src) by extension 'python'
[1.846s] Level 1:colcon.colcon_core.package_identification:_identify(src) by extensions ['python_setup_py']
[1.846s] Level 1:colcon.colcon_core.package_identification:_identify(src) by extension 'python_setup_py'
[1.847s] Level 1:colcon.colcon_core.package_identification:_identify(src/my_robot) by extensions ['ignore', 'ignore_ament_install']
[1.847s] Level 1:colcon.colcon_core.package_identification:_identify(src/my_robot) by extension 'ignore'
[1.847s] Level 1:colcon.colcon_core.package_identification:_identify(src/my_robot) by extension 'ignore_ament_install'
[1.848s] Level 1:colcon.colcon_core.package_identification:_identify(src/my_robot) by extensions ['colcon_pkg']
[1.848s] Level 1:colcon.colcon_core.package_identification:_identify(src/my_robot) by extension 'colcon_pkg'
[1.848s] Level 1:colcon.colcon_core.package_identification:_identify(src/my_robot) by extensions ['colcon_meta']
[1.848s] Level 1:colcon.colcon_core.package_identification:_identify(src/my_robot) by extension 'colcon_meta'
[1.848s] Level 1:colcon.colcon_core.package_identification:_identify(src/my_robot) by extensions ['ros']
[1.848s] Level 1:colcon.colcon_core.package_identification:_identify(src/my_robot) by extension 'ros'
[1.849s] Level 1:colcon.colcon_core.package_identification:_identify(src/my_robot) by extensions ['cmake', 'python']
[1.849s] Level 1:colcon.colcon_core.package_identification:_identify(src/my_robot) by extension 'cmake'
[1.849s] Level 1:colcon.colcon_core.package_identification:_identify(src/my_robot) by extension 'python'
[1.850s] Level 1:colcon.colcon_core.package_identification:_identify(src/my_robot) by extensions ['python_setup_py']
[1.850s] Level 1:colcon.colcon_core.package_identification:_identify(src/my_robot) by extension 'python_setup_py'
[1.850s] Level 1:colcon.colcon_core.package_identification:_identify(src/my_robot/launch) by extensions ['ignore', 'ignore_ament_install']
[1.851s] Level 1:colcon.colcon_core.package_identification:_identify(src/my_robot/launch) by extension 'ignore'
[1.851s] Level 1:colcon.colcon_core.package_identification:_identify(src/my_robot/launch) by extension 'ignore_ament_install'
[1.851s] Level 1:colcon.colcon_core.package_identification:_identify(src/my_robot/launch) by extensions ['colcon_pkg']
[1.852s] Level 1:colcon.colcon_core.package_identification:_identify(src/my_robot/launch) by extension 'colcon_pkg'
[1.852s] Level 1:colcon.colcon_core.package_identification:_identify(src/my_robot/launch) by extensions ['colcon_meta']
[1.852s] Level 1:colcon.colcon_core.package_identification:_identify(src/my_robot/launch) by extension 'colcon_meta'
[1.852s] Level 1:colcon.colcon_core.package_identification:_identify(src/my_robot/launch) by extensions ['ros']
[1.852s] Level 1:colcon.colcon_core.package_identification:_identify(src/my_robot/launch) by extension 'ros'
[1.853s] Level 1:colcon.colcon_core.package_identification:_identify(src/my_robot/launch) by extensions ['cmake', 'python']
[1.853s] Level 1:colcon.colcon_core.package_identification:_identify(src/my_robot/launch) by extension 'cmake'
[1.853s] Level 1:colcon.colcon_core.package_identification:_identify(src/my_robot/launch) by extension 'python'
[1.853s] Level 1:colcon.colcon_core.package_identification:_identify(src/my_robot/launch) by extensions ['python_setup_py']
[1.854s] Level 1:colcon.colcon_core.package_identification:_identify(src/my_robot/launch) by extension 'python_setup_py'
[1.854s] Level 1:colcon.colcon_core.package_identification:_identify(src/my_robot/launch/__pycache__) by extensions ['ignore', 'ignore_ament_install']
[1.855s] Level 1:colcon.colcon_core.package_identification:_identify(src/my_robot/launch/__pycache__) by extension 'ignore'
[1.855s] Level 1:colcon.colcon_core.package_identification:_identify(src/my_robot/launch/__pycache__) by extension 'ignore_ament_install'
[1.855s] Level 1:colcon.colcon_core.package_identification:_identify(src/my_robot/launch/__pycache__) by extensions ['colcon_pkg']
[1.856s] Level 1:colcon.colcon_core.package_identification:_identify(src/my_robot/launch/__pycache__) by extension 'colcon_pkg'
[1.856s] Level 1:colcon.colcon_core.package_identification:_identify(src/my_robot/launch/__pycache__) by extensions ['colcon_meta']
[1.856s] Level 1:colcon.colcon_core.package_identification:_identify(src/my_robot/launch/__pycache__) by extension 'colcon_meta'
[1.856s] Level 1:colcon.colcon_core.package_identification:_identify(src/my_robot/launch/__pycache__) by extensions ['ros']
[1.857s] Level 1:colcon.colcon_core.package_identification:_identify(src/my_robot/launch/__pycache__) by extension 'ros'
[1.857s] Level 1:colcon.colcon_core.package_identification:_identify(src/my_robot/launch/__pycache__) by extensions ['cmake', 'python']
[1.857s] Level 1:colcon.colcon_core.package_identification:_identify(src/my_robot/launch/__pycache__) by extension 'cmake'
[1.858s] Level 1:colcon.colcon_core.package_identification:_identify(src/my_robot/launch/__pycache__) by extension 'python'
[1.858s] Level 1:colcon.colcon_core.package_identification:_identify(src/my_robot/launch/__pycache__) by extensions ['python_setup_py']
[1.858s] Level 1:colcon.colcon_core.package_identification:_identify(src/my_robot/launch/__pycache__) by extension 'python_setup_py'
[1.859s] Level 1:colcon.colcon_core.package_identification:_identify(src/my_robot/urdf) by extensions ['ignore', 'ignore_ament_install']
[1.859s] Level 1:colcon.colcon_core.package_identification:_identify(src/my_robot/urdf) by extension 'ignore'
[1.859s] Level 1:colcon.colcon_core.package_identification:_identify(src/my_robot/urdf) by extension 'ignore_ament_install'
[1.860s] Level 1:colcon.colcon_core.package_identification:_identify(src/my_robot/urdf) by extensions ['colcon_pkg']
[1.860s] Level 1:colcon.colcon_core.package_identification:_identify(src/my_robot/urdf) by extension 'colcon_pkg'
[1.860s] Level 1:colcon.colcon_core.package_identification:_identify(src/my_robot/urdf) by extensions ['colcon_meta']
[1.860s] Level 1:colcon.colcon_core.package_identification:_identify(src/my_robot/urdf) by extension 'colcon_meta'
[1.860s] Level 1:colcon.colcon_core.package_identification:_identify(src/my_robot/urdf) by extensions ['ros']
[1.861s] Level 1:colcon.colcon_core.package_identification:_identify(src/my_robot/urdf) by extension 'ros'
[1.861s] Level 1:colcon.colcon_core.package_identification:_identify(src/my_robot/urdf) by extensions ['cmake', 'python']
[1.861s] Level 1:colcon.colcon_core.package_identification:_identify(src/my_robot/urdf) by extension 'cmake'
[1.862s] Level 1:colcon.colcon_core.package_identification:_identify(src/my_robot/urdf) by extension 'python'
[1.862s] Level 1:colcon.colcon_core.package_identification:_identify(src/my_robot/urdf) by extensions ['python_setup_py']
[1.862s] Level 1:colcon.colcon_core.package_identification:_identify(src/my_robot/urdf) by extension 'python_setup_py'
[1.863s] Level 1:colcon.colcon_core.package_identification:_identify(src/my_robot/worlds) by extensions ['ignore', 'ignore_ament_install']
[1.863s] Level 1:colcon.colcon_core.package_identification:_identify(src/my_robot/worlds) by extension 'ignore'
[1.863s] Level 1:colcon.colcon_core.package_identification:_identify(src/my_robot/worlds) by extension 'ignore_ament_install'
[1.864s] Level 1:colcon.colcon_core.package_identification:_identify(src/my_robot/worlds) by extensions ['colcon_pkg']
[1.864s] Level 1:colcon.colcon_core.package_identification:_identify(src/my_robot/worlds) by extension 'colcon_pkg'
[1.864s] Level 1:colcon.colcon_core.package_identification:_identify(src/my_robot/worlds) by extensions ['colcon_meta']
[1.864s] Level 1:colcon.colcon_core.package_identification:_identify(src/my_robot/worlds) by extension 'colcon_meta'
[1.864s] Level 1:colcon.colcon_core.package_identification:_identify(src/my_robot/worlds) by extensions ['ros']
[1.865s] Level 1:colcon.colcon_core.package_identification:_identify(src/my_robot/worlds) by extension 'ros'
[1.865s] Level 1:colcon.colcon_core.package_identification:_identify(src/my_robot/worlds) by extensions ['cmake', 'python']
[1.865s] Level 1:colcon.colcon_core.package_identification:_identify(src/my_robot/worlds) by extension 'cmake'
[1.865s] Level 1:colcon.colcon_core.package_identification:_identify(src/my_robot/worlds) by extension 'python'
[1.866s] Level 1:colcon.colcon_core.package_identification:_identify(src/my_robot/worlds) by extensions ['python_setup_py']
[1.866s] Level 1:colcon.colcon_core.package_identification:_identify(src/my_robot/worlds) by extension 'python_setup_py'
[1.866s] Level 1:colcon.colcon_core.package_discovery:discover_packages(recursive) using defaults
[1.866s] Level 1:colcon.colcon_core.package_discovery:discover_packages(ignore) discover
[1.867s] Level 1:colcon.colcon_core.package_discovery:discover_packages(ignore) using defaults
[1.867s] Level 1:colcon.colcon_core.package_discovery:discover_packages(path) discover
[1.867s] Level 1:colcon.colcon_core.package_discovery:discover_packages(path) using defaults
[1.983s] Level 1:colcon.colcon_core.package_discovery:discover_packages(prefix_path) check parameters
[1.984s] Level 1:colcon.colcon_core.package_discovery:discover_packages(prefix_path) discover
[2.005s] DEBUG:colcon.colcon_installed_package_information.package_discovery:Found 283 installed packages in /opt/ros/humble
[2.013s] Level 1:colcon.colcon_core.package_discovery:discover_packages(prefix_path) using defaults
[2.262s] INFO:colcon.colcon_core.executor:Executing jobs using 'parallel' executor
[2.265s] DEBUG:colcon.colcon_parallel_executor.executor.parallel:run_until_complete
[2.266s] DEBUG:colcon.colcon_parallel_executor.executor.parallel:closing loop
[2.267s] DEBUG:colcon.colcon_parallel_executor.executor.parallel:loop closed
[2.267s] DEBUG:colcon.colcon_parallel_executor.executor.parallel:run_until_complete finished with '0'
[2.267s] DEBUG:colcon.colcon_core.event_reactor:joining thread
[2.300s] INFO:colcon.colcon_core.plugin_system:Skipping extension 'colcon_notification.desktop_notification.terminal_notifier': Not used on non-Darwin systems
[2.300s] INFO:colcon.colcon_core.plugin_system:Skipping extension 'colcon_notification.desktop_notification.win32': Not used on non-Windows systems
[2.301s] INFO:colcon.colcon_notification.desktop_notification:Sending desktop notification using 'notify2'
[2.353s] DEBUG:colcon.colcon_core.event_reactor:joined thread
[2.366s] INFO:colcon.colcon_core.plugin_system:Skipping extension 'colcon_core.shell.bat': Not used on non-Windows systems
[2.368s] INFO:colcon.colcon_core.shell:Creating prefix script '/home/yassin/ros2_ws/install/local_setup.ps1'
[2.375s] INFO:colcon.colcon_core.shell:Creating prefix util module '/home/yassin/ros2_ws/install/_local_setup_util_ps1.py'
[2.386s] INFO:colcon.colcon_core.shell:Creating prefix chain script '/home/yassin/ros2_ws/install/setup.ps1'
[2.393s] INFO:colcon.colcon_core.shell:Creating prefix script '/home/yassin/ros2_ws/install/local_setup.sh'
[2.399s] INFO:colcon.colcon_core.shell:Creating prefix util module '/home/yassin/ros2_ws/install/_local_setup_util_sh.py'
[2.402s] INFO:colcon.colcon_core.shell:Creating prefix chain script '/home/yassin/ros2_ws/install/setup.sh'
[2.409s] INFO:colcon.colcon_core.shell:Creating prefix script '/home/yassin/ros2_ws/install/local_setup.bash'
[2.413s] INFO:colcon.colcon_core.shell:Creating prefix chain script '/home/yassin/ros2_ws/install/setup.bash'
[2.417s] INFO:colcon.colcon_core.shell:Creating prefix script '/home/yassin/ros2_ws/install/local_setup.zsh'
[2.421s] INFO:colcon.colcon_core.shell:Creating prefix chain script '/home/yassin/ros2_ws/install/setup.zsh'
