[0.000000] (-) TimerEvent: {}
[0.000473] (erc_nav_benchmark) JobQueued: {'identifier': 'erc_nav_benchmark', 'dependencies': OrderedDict()}
[0.000597] (erc_nav_benchmark) JobStarted: {'identifier': 'erc_nav_benchmark'}
[0.009105] (erc_nav_benchmark) JobProgress: {'identifier': 'erc_nav_benchmark', 'progress': 'cmake'}
[0.009580] (erc_nav_benchmark) JobProgress: {'identifier': 'erc_nav_benchmark', 'progress': 'build'}
[0.010264] (erc_nav_benchmark) Command: {'cmd': ['/usr/bin/cmake', '--build', '/home/saif/Desktop/ros2_ws1/build/erc_nav_benchmark', '--', '-j16', '-l16'], 'cwd': '/home/saif/Desktop/ros2_ws1/build/erc_nav_benchmark', 'env': OrderedDict([('GZ_SIM_SYSTEM_PLUGIN_PATH', '/home/saif/ardupilot_gazebo/build:'), ('GJS_DEBUG_TOPICS', 'JS ERROR;JS LOG'), ('LESSOPEN', '| /usr/bin/lesspipe %s'), ('VSCODE_CWD', '/home/saif'), ('GZ_SIM_RESOURCE_PATH', '/home/saif/ardupilot_gazebo/models:/home/saif/ardupilot_gazebo/worlds:'), ('USER', 'saif'), ('LC_TIME', 'ar_EG.UTF-8'), ('VSCODE_NLS_CONFIG', '{"userLocale":"en-us","osLocale":"en-us","resolvedLanguage":"en","defaultMessagesFile":"/usr/share/antigravity/resources/app/out/nls.messages.json","locale":"en-us","availableLanguages":{}}'), ('XDG_SESSION_TYPE', 'x11'), ('SHLVL', '0'), ('LD_LIBRARY_PATH', '/home/saif/ros2_ws/install/mavros_extras/lib:/home/saif/ros2_ws/install/mavros/lib:/home/saif/ros2_ws/install/mavros_msgs/lib:/home/saif/ros2_ws/install/libmavconn/lib:/opt/ros/humble/opt/rviz_ogre_vendor/lib:/opt/ros/humble/lib/x86_64-linux-gnu:/opt/ros/humble/lib'), ('HOME', '/home/saif'), ('CHROME_DESKTOP', 'antigravity.desktop'), ('DESKTOP_SESSION', 'ubuntu-xorg'), ('NVM_BIN', '/home/saif/.nvm/versions/node/v24.15.0/bin'), ('NVM_INC', '/home/saif/.nvm/versions/node/v24.15.0/include/node'), ('VSCODE_IPC_HOOK', '/run/user/1000/vscode-4ccbd696-1.10-main.sock'), ('GIO_LAUNCHED_DESKTOP_FILE', '/usr/share/applications/antigravity.desktop'), ('ROS_PYTHON_VERSION', '3'), ('GNOME_SHELL_SESSION_MODE', 'ubuntu'), ('GTK_MODULES', 'gail:atk-bridge'), ('PAGER', 'cat'), ('LC_MONETARY', 'ar_EG.UTF-8'), ('MANAGERPID', '1800'), ('SYSTEMD_EXEC_PID', '2085'), ('DBUS_SESSION_BUS_ADDRESS', 'unix:path=/run/user/1000/bus'), ('ANTIGRAVITY_AGENT', '1'), ('GIO_LAUNCHED_DESKTOP_FILE_PID', '4808'), ('NVM_DIR', '/home/saif/.nvm'), ('COLCON_PREFIX_PATH', '/home/saif/Desktop/RosData/ros2_prog1/install:/home/saif/ros2_ws/install'), ('ROS_DISTRO', 'humble'), ('GTK_IM_MODULE', 'ibus'), ('LOGNAME', 'saif'), ('_', '/usr/bin/colcon'), ('JOURNAL_STREAM', '8:21093'), ('ROS_VERSION', '2'), ('XDG_SESSION_CLASS', 'user'), ('USERNAME', 'saif'), ('TERM', 'dumb'), ('GNOME_DESKTOP_SESSION_ID', 'this-is-deprecated'), ('FC_FONTATIONS', '1'), ('ROS_LOCALHOST_ONLY', '0'), ('WINDOWPATH', '2'), ('ANTIGRAVITY_EDITOR_APP_ROOT', '/usr/share/antigravity/resources/app'), ('PATH', '/usr/lib/ccache:/home/saif/ardupilot/Tools/autotest:/opt/gcc-arm-none-eabi-10-2020-q4-major/bin:/home/saif/.local/bin:/home/saif/bin:/home/saif/.nvm/versions/node/v24.15.0/bin:/opt/ros/humble/bin:/usr/lib/ccache:/home/saif/ardupilot/Tools/autotest:/opt/gcc-arm-none-eabi-10-2020-q4-major/bin:/home/saif/.local/bin:/home/saif/bin:/usr/local/sbin:/usr/local/bin:/usr/sbin:/usr/bin:/sbin:/bin:/usr/games:/usr/local/games:/snap/bin:/snap/bin'), ('SESSION_MANAGER', 'local/laptop:@/tmp/.ICE-unix/2058,unix/laptop:/tmp/.ICE-unix/2058'), ('INVOCATION_ID', '785b4dbb244048609a4471429fb6303b'), ('XDG_MENU_PREFIX', 'gnome-'), ('LC_ADDRESS', 'ar_EG.UTF-8'), ('XDG_RUNTIME_DIR', '/run/user/1000'), ('GDK_BACKEND', 'x11'), ('DISPLAY', ':0'), ('LANG', 'en_US.UTF-8'), ('XDG_CURRENT_DESKTOP', 'ubuntu:GNOME'), ('LC_TELEPHONE', 'ar_EG.UTF-8'), ('XMODIFIERS', '@im=ibus'), ('XDG_SESSION_DESKTOP', 'ubuntu-xorg'), ('XAUTHORITY', '/run/user/1000/gdm/Xauthority'), ('LS_COLORS', ''), ('SSH_AGENT_LAUNCHER', 'gnome-keyring'), ('SSH_AUTH_SOCK', '/run/user/1000/keyring/ssh'), ('AMENT_PREFIX_PATH', '/home/saif/Desktop/RosData/ros2_prog1/install/my_py_pkg1:/home/saif/Desktop/RosData/ros2_prog1/install/my_cpp_pkg1:/home/saif/ros2_ws/install/mavros_extras:/home/saif/ros2_ws/install/mavros_examples:/home/saif/ros2_ws/install/mavros:/home/saif/ros2_ws/install/mavros_msgs:/home/saif/ros2_ws/install/libmavconn:/opt/ros/humble'), ('SHELL', '/bin/bash'), ('LC_NAME', 'ar_EG.UTF-8'), ('QT_ACCESSIBILITY', '1'), ('GDMSESSION', 'ubuntu-xorg'), ('LESSCLOSE', '/usr/bin/lesspipe %s %s'), ('LC_MEASUREMENT', 'ar_EG.UTF-8'), ('GPG_AGENT_INFO', '/run/user/1000/gnupg/S.gpg-agent:0:1'), ('GJS_DEBUG_OUTPUT', 'stderr'), ('LC_IDENTIFICATION', 'ar_EG.UTF-8'), ('QT_IM_MODULE', 'ibus'), ('ANTIGRAVITY_TRAJECTORY_ID', 'b79e58bc-1a67-4c85-81d7-c5ab184b530d'), ('PWD', '/home/saif/Desktop/ros2_ws1/build/erc_nav_benchmark'), ('LC_ALL', 'en_US.UTF-8'), ('XDG_CONFIG_DIRS', '/etc/xdg/xdg-ubuntu-xorg:/etc/xdg'), ('VSCODE_CODE_CACHE_PATH', '/home/saif/.config/Antigravity/CachedData/15487b3041e65228cae24980a3f796c905ef582c'), ('NVM_CD_FLAGS', ''), ('XDG_DATA_DIRS', '/usr/share/ubuntu-xorg:/usr/share/gnome:/home/saif/.local/share/flatpak/exports/share:/var/lib/flatpak/exports/share:/usr/local/share/:/usr/share/:/var/lib/snapd/desktop'), ('PYTHONPATH', '/home/saif/Desktop/RosData/ros2_prog1/install/my_py_pkg1/lib/python3.10/site-packages:/home/saif/ros2_ws/install/mavros_examples/local/lib/python3.10/dist-packages:/home/saif/ros2_ws/install/mavros/local/lib/python3.10/dist-packages:/home/saif/ros2_ws/install/mavros_msgs/local/lib/python3.10/dist-packages:/opt/ros/humble/lib/python3.10/site-packages:/opt/ros/humble/local/lib/python3.10/dist-packages'), ('LC_NUMERIC', 'ar_EG.UTF-8'), ('LC_PAPER', 'ar_EG.UTF-8'), ('COLCON', '1'), ('CMAKE_PREFIX_PATH', '/home/saif/Desktop/RosData/ros2_prog1/install/my_cpp_pkg1:/home/saif/ros2_ws/install/mavros_extras:/home/saif/ros2_ws/install/mavros_examples:/home/saif/ros2_ws/install/mavros:/home/saif/ros2_ws/install/mavros_msgs:/home/saif/ros2_ws/install/libmavconn:/home/saif/Desktop/RosData/ros2_prog1/install/my_py_pkg1:/opt/ros/humble'), ('VSCODE_PID', '4808')]), 'shell': False}
[0.081608] (erc_nav_benchmark) StdoutLine: {'line': b'Built target ament_cmake_python_copy_erc_nav_benchmark\n'}
[0.099769] (-) TimerEvent: {}
[0.200054] (-) TimerEvent: {}
[0.300346] (-) TimerEvent: {}
[0.377469] (erc_nav_benchmark) StdoutLine: {'line': b'running egg_info\n'}
[0.378028] (erc_nav_benchmark) StdoutLine: {'line': b'writing erc_nav_benchmark.egg-info/PKG-INFO\n'}
[0.378197] (erc_nav_benchmark) StdoutLine: {'line': b'writing dependency_links to erc_nav_benchmark.egg-info/dependency_links.txt\n'}
[0.378331] (erc_nav_benchmark) StdoutLine: {'line': b'writing top-level names to erc_nav_benchmark.egg-info/top_level.txt\n'}
[0.400434] (-) TimerEvent: {}
[0.411595] (erc_nav_benchmark) StdoutLine: {'line': b"reading manifest file 'erc_nav_benchmark.egg-info/SOURCES.txt'\n"}
[0.412054] (erc_nav_benchmark) StdoutLine: {'line': b"writing manifest file 'erc_nav_benchmark.egg-info/SOURCES.txt'\n"}
[0.450510] (erc_nav_benchmark) StdoutLine: {'line': b'Built target ament_cmake_python_build_erc_nav_benchmark_egg\n'}
[0.466445] (erc_nav_benchmark) CommandEnded: {'returncode': 0}
[0.467231] (erc_nav_benchmark) JobProgress: {'identifier': 'erc_nav_benchmark', 'progress': 'install'}
[0.477569] (erc_nav_benchmark) Command: {'cmd': ['/usr/bin/cmake', '--install', '/home/saif/Desktop/ros2_ws1/build/erc_nav_benchmark'], 'cwd': '/home/saif/Desktop/ros2_ws1/build/erc_nav_benchmark', 'env': OrderedDict([('GZ_SIM_SYSTEM_PLUGIN_PATH', '/home/saif/ardupilot_gazebo/build:'), ('GJS_DEBUG_TOPICS', 'JS ERROR;JS LOG'), ('LESSOPEN', '| /usr/bin/lesspipe %s'), ('VSCODE_CWD', '/home/saif'), ('GZ_SIM_RESOURCE_PATH', '/home/saif/ardupilot_gazebo/models:/home/saif/ardupilot_gazebo/worlds:'), ('USER', 'saif'), ('LC_TIME', 'ar_EG.UTF-8'), ('VSCODE_NLS_CONFIG', '{"userLocale":"en-us","osLocale":"en-us","resolvedLanguage":"en","defaultMessagesFile":"/usr/share/antigravity/resources/app/out/nls.messages.json","locale":"en-us","availableLanguages":{}}'), ('XDG_SESSION_TYPE', 'x11'), ('SHLVL', '0'), ('LD_LIBRARY_PATH', '/home/saif/ros2_ws/install/mavros_extras/lib:/home/saif/ros2_ws/install/mavros/lib:/home/saif/ros2_ws/install/mavros_msgs/lib:/home/saif/ros2_ws/install/libmavconn/lib:/opt/ros/humble/opt/rviz_ogre_vendor/lib:/opt/ros/humble/lib/x86_64-linux-gnu:/opt/ros/humble/lib'), ('HOME', '/home/saif'), ('CHROME_DESKTOP', 'antigravity.desktop'), ('DESKTOP_SESSION', 'ubuntu-xorg'), ('NVM_BIN', '/home/saif/.nvm/versions/node/v24.15.0/bin'), ('NVM_INC', '/home/saif/.nvm/versions/node/v24.15.0/include/node'), ('VSCODE_IPC_HOOK', '/run/user/1000/vscode-4ccbd696-1.10-main.sock'), ('GIO_LAUNCHED_DESKTOP_FILE', '/usr/share/applications/antigravity.desktop'), ('ROS_PYTHON_VERSION', '3'), ('GNOME_SHELL_SESSION_MODE', 'ubuntu'), ('GTK_MODULES', 'gail:atk-bridge'), ('PAGER', 'cat'), ('LC_MONETARY', 'ar_EG.UTF-8'), ('MANAGERPID', '1800'), ('SYSTEMD_EXEC_PID', '2085'), ('DBUS_SESSION_BUS_ADDRESS', 'unix:path=/run/user/1000/bus'), ('ANTIGRAVITY_AGENT', '1'), ('GIO_LAUNCHED_DESKTOP_FILE_PID', '4808'), ('NVM_DIR', '/home/saif/.nvm'), ('COLCON_PREFIX_PATH', '/home/saif/Desktop/RosData/ros2_prog1/install:/home/saif/ros2_ws/install'), ('ROS_DISTRO', 'humble'), ('GTK_IM_MODULE', 'ibus'), ('LOGNAME', 'saif'), ('_', '/usr/bin/colcon'), ('JOURNAL_STREAM', '8:21093'), ('ROS_VERSION', '2'), ('XDG_SESSION_CLASS', 'user'), ('USERNAME', 'saif'), ('TERM', 'dumb'), ('GNOME_DESKTOP_SESSION_ID', 'this-is-deprecated'), ('FC_FONTATIONS', '1'), ('ROS_LOCALHOST_ONLY', '0'), ('WINDOWPATH', '2'), ('ANTIGRAVITY_EDITOR_APP_ROOT', '/usr/share/antigravity/resources/app'), ('PATH', '/usr/lib/ccache:/home/saif/ardupilot/Tools/autotest:/opt/gcc-arm-none-eabi-10-2020-q4-major/bin:/home/saif/.local/bin:/home/saif/bin:/home/saif/.nvm/versions/node/v24.15.0/bin:/opt/ros/humble/bin:/usr/lib/ccache:/home/saif/ardupilot/Tools/autotest:/opt/gcc-arm-none-eabi-10-2020-q4-major/bin:/home/saif/.local/bin:/home/saif/bin:/usr/local/sbin:/usr/local/bin:/usr/sbin:/usr/bin:/sbin:/bin:/usr/games:/usr/local/games:/snap/bin:/snap/bin'), ('SESSION_MANAGER', 'local/laptop:@/tmp/.ICE-unix/2058,unix/laptop:/tmp/.ICE-unix/2058'), ('INVOCATION_ID', '785b4dbb244048609a4471429fb6303b'), ('XDG_MENU_PREFIX', 'gnome-'), ('LC_ADDRESS', 'ar_EG.UTF-8'), ('XDG_RUNTIME_DIR', '/run/user/1000'), ('GDK_BACKEND', 'x11'), ('DISPLAY', ':0'), ('LANG', 'en_US.UTF-8'), ('XDG_CURRENT_DESKTOP', 'ubuntu:GNOME'), ('LC_TELEPHONE', 'ar_EG.UTF-8'), ('XMODIFIERS', '@im=ibus'), ('XDG_SESSION_DESKTOP', 'ubuntu-xorg'), ('XAUTHORITY', '/run/user/1000/gdm/Xauthority'), ('LS_COLORS', ''), ('SSH_AGENT_LAUNCHER', 'gnome-keyring'), ('SSH_AUTH_SOCK', '/run/user/1000/keyring/ssh'), ('AMENT_PREFIX_PATH', '/home/saif/Desktop/RosData/ros2_prog1/install/my_py_pkg1:/home/saif/Desktop/RosData/ros2_prog1/install/my_cpp_pkg1:/home/saif/ros2_ws/install/mavros_extras:/home/saif/ros2_ws/install/mavros_examples:/home/saif/ros2_ws/install/mavros:/home/saif/ros2_ws/install/mavros_msgs:/home/saif/ros2_ws/install/libmavconn:/opt/ros/humble'), ('SHELL', '/bin/bash'), ('LC_NAME', 'ar_EG.UTF-8'), ('QT_ACCESSIBILITY', '1'), ('GDMSESSION', 'ubuntu-xorg'), ('LESSCLOSE', '/usr/bin/lesspipe %s %s'), ('LC_MEASUREMENT', 'ar_EG.UTF-8'), ('GPG_AGENT_INFO', '/run/user/1000/gnupg/S.gpg-agent:0:1'), ('GJS_DEBUG_OUTPUT', 'stderr'), ('LC_IDENTIFICATION', 'ar_EG.UTF-8'), ('QT_IM_MODULE', 'ibus'), ('ANTIGRAVITY_TRAJECTORY_ID', 'b79e58bc-1a67-4c85-81d7-c5ab184b530d'), ('PWD', '/home/saif/Desktop/ros2_ws1/build/erc_nav_benchmark'), ('LC_ALL', 'en_US.UTF-8'), ('XDG_CONFIG_DIRS', '/etc/xdg/xdg-ubuntu-xorg:/etc/xdg'), ('VSCODE_CODE_CACHE_PATH', '/home/saif/.config/Antigravity/CachedData/15487b3041e65228cae24980a3f796c905ef582c'), ('NVM_CD_FLAGS', ''), ('XDG_DATA_DIRS', '/usr/share/ubuntu-xorg:/usr/share/gnome:/home/saif/.local/share/flatpak/exports/share:/var/lib/flatpak/exports/share:/usr/local/share/:/usr/share/:/var/lib/snapd/desktop'), ('PYTHONPATH', '/home/saif/Desktop/RosData/ros2_prog1/install/my_py_pkg1/lib/python3.10/site-packages:/home/saif/ros2_ws/install/mavros_examples/local/lib/python3.10/dist-packages:/home/saif/ros2_ws/install/mavros/local/lib/python3.10/dist-packages:/home/saif/ros2_ws/install/mavros_msgs/local/lib/python3.10/dist-packages:/opt/ros/humble/lib/python3.10/site-packages:/opt/ros/humble/local/lib/python3.10/dist-packages'), ('LC_NUMERIC', 'ar_EG.UTF-8'), ('LC_PAPER', 'ar_EG.UTF-8'), ('COLCON', '1'), ('CMAKE_PREFIX_PATH', '/home/saif/Desktop/RosData/ros2_prog1/install/my_cpp_pkg1:/home/saif/ros2_ws/install/mavros_extras:/home/saif/ros2_ws/install/mavros_examples:/home/saif/ros2_ws/install/mavros:/home/saif/ros2_ws/install/mavros_msgs:/home/saif/ros2_ws/install/libmavconn:/home/saif/Desktop/RosData/ros2_prog1/install/my_py_pkg1:/opt/ros/humble'), ('VSCODE_PID', '4808')]), 'shell': False}
[0.487605] (erc_nav_benchmark) StdoutLine: {'line': b'-- Install configuration: ""\n'}
[0.487849] (erc_nav_benchmark) StdoutLine: {'line': b'-- Up-to-date: /home/saif/Desktop/ros2_ws1/install/erc_nav_benchmark/share/erc_nav_benchmark/environment/pythonpath.sh\n'}
[0.487927] (erc_nav_benchmark) StdoutLine: {'line': b'-- Up-to-date: /home/saif/Desktop/ros2_ws1/install/erc_nav_benchmark/share/erc_nav_benchmark/environment/pythonpath.dsv\n'}
[0.487991] (erc_nav_benchmark) StdoutLine: {'line': b'-- Up-to-date: /home/saif/Desktop/ros2_ws1/install/erc_nav_benchmark/local/lib/python3.10/dist-packages/erc_nav_benchmark-1.0.0-py3.10.egg-info\n'}
[0.488056] (erc_nav_benchmark) StdoutLine: {'line': b'-- Installing: /home/saif/Desktop/ros2_ws1/install/erc_nav_benchmark/local/lib/python3.10/dist-packages/erc_nav_benchmark-1.0.0-py3.10.egg-info/SOURCES.txt\n'}
[0.488198] (erc_nav_benchmark) StdoutLine: {'line': b'-- Installing: /home/saif/Desktop/ros2_ws1/install/erc_nav_benchmark/local/lib/python3.10/dist-packages/erc_nav_benchmark-1.0.0-py3.10.egg-info/PKG-INFO\n'}
[0.488263] (erc_nav_benchmark) StdoutLine: {'line': b'-- Installing: /home/saif/Desktop/ros2_ws1/install/erc_nav_benchmark/local/lib/python3.10/dist-packages/erc_nav_benchmark-1.0.0-py3.10.egg-info/top_level.txt\n'}
[0.488357] (erc_nav_benchmark) StdoutLine: {'line': b'-- Installing: /home/saif/Desktop/ros2_ws1/install/erc_nav_benchmark/local/lib/python3.10/dist-packages/erc_nav_benchmark-1.0.0-py3.10.egg-info/dependency_links.txt\n'}
[0.488593] (erc_nav_benchmark) StdoutLine: {'line': b'-- Up-to-date: /home/saif/Desktop/ros2_ws1/install/erc_nav_benchmark/local/lib/python3.10/dist-packages/erc_nav_benchmark\n'}
[0.488712] (erc_nav_benchmark) StdoutLine: {'line': b'-- Installing: /home/saif/Desktop/ros2_ws1/install/erc_nav_benchmark/local/lib/python3.10/dist-packages/erc_nav_benchmark/teleop_gui_node.py\n'}
[0.488888] (erc_nav_benchmark) StdoutLine: {'line': b'-- Up-to-date: /home/saif/Desktop/ros2_ws1/install/erc_nav_benchmark/local/lib/python3.10/dist-packages/erc_nav_benchmark/__init__.py\n'}
[0.488991] (erc_nav_benchmark) StdoutLine: {'line': b'-- Installing: /home/saif/Desktop/ros2_ws1/install/erc_nav_benchmark/local/lib/python3.10/dist-packages/erc_nav_benchmark/judging_engine.py\n'}
[0.489214] (erc_nav_benchmark) StdoutLine: {'line': b'-- Up-to-date: /home/saif/Desktop/ros2_ws1/install/erc_nav_benchmark/local/lib/python3.10/dist-packages/erc_nav_benchmark/waypoint_publisher.py\n'}
[0.489353] (erc_nav_benchmark) StdoutLine: {'line': b'-- Up-to-date: /home/saif/Desktop/ros2_ws1/install/erc_nav_benchmark/local/lib/python3.10/dist-packages/erc_nav_benchmark/teleop_node.py\n'}
[0.500531] (-) TimerEvent: {}
[0.535674] (erc_nav_benchmark) StdoutLine: {'line': b"Listing '/home/saif/Desktop/ros2_ws1/install/erc_nav_benchmark/local/lib/python3.10/dist-packages/erc_nav_benchmark'...\n"}
[0.535888] (erc_nav_benchmark) StdoutLine: {'line': b"Compiling '/home/saif/Desktop/ros2_ws1/install/erc_nav_benchmark/local/lib/python3.10/dist-packages/erc_nav_benchmark/judging_engine.py'...\n"}
[0.535982] (erc_nav_benchmark) StdoutLine: {'line': b"Compiling '/home/saif/Desktop/ros2_ws1/install/erc_nav_benchmark/local/lib/python3.10/dist-packages/erc_nav_benchmark/teleop_gui_node.py'...\n"}
[0.540205] (erc_nav_benchmark) StdoutLine: {'line': b'-- Installing: /home/saif/Desktop/ros2_ws1/install/erc_nav_benchmark/lib/erc_nav_benchmark/judging_engine.py\n'}
[0.540472] (erc_nav_benchmark) StdoutLine: {'line': b'-- Up-to-date: /home/saif/Desktop/ros2_ws1/install/erc_nav_benchmark/lib/erc_nav_benchmark/teleop_node.py\n'}
[0.540565] (erc_nav_benchmark) StdoutLine: {'line': b'-- Installing: /home/saif/Desktop/ros2_ws1/install/erc_nav_benchmark/lib/erc_nav_benchmark/teleop_gui_node.py\n'}
[0.540716] (erc_nav_benchmark) StdoutLine: {'line': b'-- Up-to-date: /home/saif/Desktop/ros2_ws1/install/erc_nav_benchmark/lib/erc_nav_benchmark/waypoint_publisher.py\n'}
[0.540824] (erc_nav_benchmark) StdoutLine: {'line': b'-- Up-to-date: /home/saif/Desktop/ros2_ws1/install/erc_nav_benchmark/share/erc_nav_benchmark/launch\n'}
[0.540920] (erc_nav_benchmark) StdoutLine: {'line': b'-- Up-to-date: /home/saif/Desktop/ros2_ws1/install/erc_nav_benchmark/share/erc_nav_benchmark/launch/benchmark.launch.py\n'}
[0.540986] (erc_nav_benchmark) StdoutLine: {'line': b'-- Up-to-date: /home/saif/Desktop/ros2_ws1/install/erc_nav_benchmark/share/erc_nav_benchmark/worlds\n'}
[0.541070] (erc_nav_benchmark) StdoutLine: {'line': b'-- Up-to-date: /home/saif/Desktop/ros2_ws1/install/erc_nav_benchmark/share/erc_nav_benchmark/worlds/level_1.world\n'}
[0.541175] (erc_nav_benchmark) StdoutLine: {'line': b'-- Up-to-date: /home/saif/Desktop/ros2_ws1/install/erc_nav_benchmark/share/erc_nav_benchmark/worlds/level_2.world\n'}
[0.541240] (erc_nav_benchmark) StdoutLine: {'line': b'-- Up-to-date: /home/saif/Desktop/ros2_ws1/install/erc_nav_benchmark/share/erc_nav_benchmark/worlds/level_3.world\n'}
[0.541298] (erc_nav_benchmark) StdoutLine: {'line': b'-- Up-to-date: /home/saif/Desktop/ros2_ws1/install/erc_nav_benchmark/share/erc_nav_benchmark/models\n'}
[0.541465] (erc_nav_benchmark) StdoutLine: {'line': b'-- Up-to-date: /home/saif/Desktop/ros2_ws1/install/erc_nav_benchmark/share/erc_nav_benchmark/models/erc_rover\n'}
[0.541534] (erc_nav_benchmark) StdoutLine: {'line': b'-- Installing: /home/saif/Desktop/ros2_ws1/install/erc_nav_benchmark/share/erc_nav_benchmark/models/erc_rover/model.sdf\n'}
[0.541633] (erc_nav_benchmark) StdoutLine: {'line': b'-- Up-to-date: /home/saif/Desktop/ros2_ws1/install/erc_nav_benchmark/share/erc_nav_benchmark/models/erc_rover/model.config\n'}
[0.541697] (erc_nav_benchmark) StdoutLine: {'line': b'-- Up-to-date: /home/saif/Desktop/ros2_ws1/install/erc_nav_benchmark/share/erc_nav_benchmark/config\n'}
[0.541764] (erc_nav_benchmark) StdoutLine: {'line': b'-- Up-to-date: /home/saif/Desktop/ros2_ws1/install/erc_nav_benchmark/share/erc_nav_benchmark/config/waypoints.yaml\n'}
[0.541864] (erc_nav_benchmark) StdoutLine: {'line': b'-- Installing: /home/saif/Desktop/ros2_ws1/install/erc_nav_benchmark/share/ament_index/resource_index/packages/erc_nav_benchmark\n'}
[0.541929] (erc_nav_benchmark) StdoutLine: {'line': b'-- Up-to-date: /home/saif/Desktop/ros2_ws1/install/erc_nav_benchmark/share/erc_nav_benchmark/package.xml\n'}
[0.541989] (erc_nav_benchmark) StdoutLine: {'line': b'-- Up-to-date: /home/saif/Desktop/ros2_ws1/install/erc_nav_benchmark/share/ament_index/resource_index/package_run_dependencies/erc_nav_benchmark\n'}
[0.542048] (erc_nav_benchmark) StdoutLine: {'line': b'-- Up-to-date: /home/saif/Desktop/ros2_ws1/install/erc_nav_benchmark/share/ament_index/resource_index/parent_prefix_path/erc_nav_benchmark\n'}
[0.542105] (erc_nav_benchmark) StdoutLine: {'line': b'-- Up-to-date: /home/saif/Desktop/ros2_ws1/install/erc_nav_benchmark/share/erc_nav_benchmark/environment/ament_prefix_path.sh\n'}
[0.542184] (erc_nav_benchmark) StdoutLine: {'line': b'-- Up-to-date: /home/saif/Desktop/ros2_ws1/install/erc_nav_benchmark/share/erc_nav_benchmark/environment/ament_prefix_path.dsv\n'}
[0.542296] (erc_nav_benchmark) StdoutLine: {'line': b'-- Up-to-date: /home/saif/Desktop/ros2_ws1/install/erc_nav_benchmark/share/erc_nav_benchmark/environment/path.sh\n'}
[0.542356] (erc_nav_benchmark) StdoutLine: {'line': b'-- Up-to-date: /home/saif/Desktop/ros2_ws1/install/erc_nav_benchmark/share/erc_nav_benchmark/environment/path.dsv\n'}
[0.542411] (erc_nav_benchmark) StdoutLine: {'line': b'-- Up-to-date: /home/saif/Desktop/ros2_ws1/install/erc_nav_benchmark/share/erc_nav_benchmark/local_setup.bash\n'}
[0.542471] (erc_nav_benchmark) StdoutLine: {'line': b'-- Up-to-date: /home/saif/Desktop/ros2_ws1/install/erc_nav_benchmark/share/erc_nav_benchmark/local_setup.sh\n'}
[0.542536] (erc_nav_benchmark) StdoutLine: {'line': b'-- Up-to-date: /home/saif/Desktop/ros2_ws1/install/erc_nav_benchmark/share/erc_nav_benchmark/local_setup.zsh\n'}
[0.542594] (erc_nav_benchmark) StdoutLine: {'line': b'-- Up-to-date: /home/saif/Desktop/ros2_ws1/install/erc_nav_benchmark/share/erc_nav_benchmark/local_setup.dsv\n'}
[0.542651] (erc_nav_benchmark) StdoutLine: {'line': b'-- Installing: /home/saif/Desktop/ros2_ws1/install/erc_nav_benchmark/share/erc_nav_benchmark/package.dsv\n'}
[0.542779] (erc_nav_benchmark) StdoutLine: {'line': b'-- Installing: /home/saif/Desktop/ros2_ws1/install/erc_nav_benchmark/share/ament_index/resource_index/packages/erc_nav_benchmark\n'}
[0.542854] (erc_nav_benchmark) StdoutLine: {'line': b'-- Up-to-date: /home/saif/Desktop/ros2_ws1/install/erc_nav_benchmark/share/erc_nav_benchmark/cmake/erc_nav_benchmarkConfig.cmake\n'}
[0.542910] (erc_nav_benchmark) StdoutLine: {'line': b'-- Up-to-date: /home/saif/Desktop/ros2_ws1/install/erc_nav_benchmark/share/erc_nav_benchmark/cmake/erc_nav_benchmarkConfig-version.cmake\n'}
[0.542963] (erc_nav_benchmark) StdoutLine: {'line': b'-- Up-to-date: /home/saif/Desktop/ros2_ws1/install/erc_nav_benchmark/share/erc_nav_benchmark/package.xml\n'}
[0.545075] (erc_nav_benchmark) CommandEnded: {'returncode': 0}
[0.564310] (erc_nav_benchmark) JobEnded: {'identifier': 'erc_nav_benchmark', 'rc': 0}
[0.565076] (-) EventReactorShutdown: {}
